[debug] > Exec(early(addDefaultCommands), None, None)
[debug] > Exec(addDefaultCommands, None, None)
[debug] > Exec(early(initialize), None, None)
[debug] > Exec(initialize, None, None)
[debug] > Exec(boot, None, None)
[debug] > Exec(writeSbtVersion, None, None)
[debug] > Exec(reload, None, None)
[debug] > Exec(sbtStashOnFailure, None, None)
[debug] > Exec(onFailure loadFailed, None, None)
[debug] > Exec(loadp, None, None)
[info] welcome to sbt 1.9.7 (Eclipse Adoptium Java 17)
[debug] Load.defaultLoad until apply took 29.606292ms
[debug]           Load.loadUnit: plugins took 23.338708ms
[debug]           Load.loadUnit: defsScala took 0.068166ms
[debug] [Loading] Scanning directory /Users/npnl/Desktop/Laharireddy/project
[debug] [Loading] Found non-root projects 
[debug] [Loading] Done in /Users/npnl/Desktop/Laharireddy/project, returning: ()
[debug] deducing auto plugins based on known facts Set(Atom(sbt.plugins.CorePlugin)) and clauses Clauses(Clause(Atom(sbt.plugins.JvmPlugin),Set(Atom(sbt.plugins.IvyPlugin)))
[debug] Clause(Atom(sbt.ScriptedPlugin),Set(Atom(sbt.plugins.JvmPlugin)))
[debug] Clause(Atom(sbt.plugins.SbtPlugin),Set(Atom(sbt.ScriptedPlugin)))
[debug] Clause(Atom(sbt.plugins.SemanticdbPlugin),Set(Atom(sbt.plugins.JvmPlugin)))
[debug] Clause(Atom(sbt.plugins.JUnitXmlReportPlugin),Set(Atom(sbt.plugins.JvmPlugin)))
[debug] Clause(Atom(sbt.plugins.MiniDependencyTreePlugin),Set(Atom(sbt.plugins.JvmPlugin)))
[debug] Clause(Atom(sbt.plugins.CorePlugin),Set(Atom(sbt.plugins.IvyPlugin)))
[debug] Clause(Atom(sbt.plugins.IvyPlugin),Set(Atom(sbt.plugins.JvmPlugin)))
[debug] Clause(Atom(sbt.plugins.JvmPlugin),Set(Atom(sbt.plugins.SemanticdbPlugin)))
[debug] Clause(Atom(sbt.plugins.JvmPlugin),Set(Atom(sbt.plugins.JUnitXmlReportPlugin)))
[debug] Clause(Atom(sbt.plugins.CorePlugin),Set(Atom(sbt.plugins.Giter8TemplatePlugin)))
[debug] Clause(Atom(sbt.plugins.JvmPlugin),Set(Atom(sbt.plugins.MiniDependencyTreePlugin))))
[debug]   :: deduced result: Matched(sbt.plugins.CorePlugin,sbt.plugins.Giter8TemplatePlugin,sbt.plugins.IvyPlugin,sbt.plugins.JvmPlugin,sbt.plugins.MiniDependencyTreePlugin,sbt.plugins.JUnitXmlReportPlugin,sbt.plugins.SemanticdbPlugin)
[debug] Plugins.deducer#function took 4.990459 ms
[debug]               Load.resolveProject(laharireddy-build) took 16.765042ms
[debug]             Load.loadTransitive: finalizeProject(Project(id laharireddy-build, base: /Users/npnl/Desktop/Laharireddy/project, plugins: List(<none>))) took 29.060166ms
[debug] [Loading] Done in /Users/npnl/Desktop/Laharireddy/project, returning: (laharireddy-build)
[debug]           Load.loadUnit: loadedProjectsRaw took 34.656292ms
[debug]           Load.loadUnit: cleanEvalClasses took 0.076584ms
[debug]         Load.loadUnit(file:/Users/npnl/Desktop/Laharireddy/project/, ...) took 60.203125ms
[debug]       Load.apply: load took 154.797083ms
[debug]       Load.apply: resolveProjects took 1.804834ms
[debug]       Load.apply: finalTransforms took 26.765959ms
[debug]       Load.apply: config.delegates took 2.161166ms
[debug]       Load.apply: Def.make(settings)... took 123.59625ms
[debug]       Load.apply: structureIndex took 31.13975ms
[debug]       Load.apply: mkStreams took 0.471ms
[info] loading project definition from /Users/npnl/Desktop/Laharireddy/project
[debug] Running task... Cancel: Signal, check cycles: false, forcegc: true
[debug]     Load.loadUnit: plugins took 776.811042ms
[debug]     Load.loadUnit: defsScala took 0.0025ms
[debug] [Loading] Scanning directory /Users/npnl/Desktop/Laharireddy
[debug]       Load.loadUnit: mkEval took 2.467708ms
[debug] [Loading] Found root project root w/ remaining 
[debug] deducing auto plugins based on known facts Set(Atom(sbt.plugins.CorePlugin)) and clauses Clauses(Clause(Atom(sbt.plugins.JvmPlugin),Set(Atom(sbt.plugins.IvyPlugin)))
[debug] Clause(Atom(sbt.ScriptedPlugin),Set(Atom(sbt.plugins.JvmPlugin)))
[debug] Clause(Atom(sbt.plugins.SbtPlugin),Set(Atom(sbt.ScriptedPlugin)))
[debug] Clause(Atom(sbt.plugins.SemanticdbPlugin),Set(Atom(sbt.plugins.JvmPlugin)))
[debug] Clause(Atom(sbt.plugins.JUnitXmlReportPlugin),Set(Atom(sbt.plugins.JvmPlugin)))
[debug] Clause(Atom(sbt.plugins.MiniDependencyTreePlugin),Set(Atom(sbt.plugins.JvmPlugin)))
[debug] Clause(Atom(sbt.plugins.CorePlugin),Set(Atom(sbt.plugins.IvyPlugin)))
[debug] Clause(Atom(sbt.plugins.IvyPlugin),Set(Atom(sbt.plugins.JvmPlugin)))
[debug] Clause(Atom(sbt.plugins.JvmPlugin),Set(Atom(sbt.plugins.SemanticdbPlugin)))
[debug] Clause(Atom(sbt.plugins.JvmPlugin),Set(Atom(sbt.plugins.JUnitXmlReportPlugin)))
[debug] Clause(Atom(sbt.plugins.CorePlugin),Set(Atom(sbt.plugins.Giter8TemplatePlugin)))
[debug] Clause(Atom(sbt.plugins.JvmPlugin),Set(Atom(sbt.plugins.MiniDependencyTreePlugin))))
[debug]   :: deduced result: Matched(sbt.plugins.CorePlugin,sbt.plugins.Giter8TemplatePlugin,sbt.plugins.IvyPlugin,sbt.plugins.JvmPlugin,sbt.plugins.MiniDependencyTreePlugin,sbt.plugins.JUnitXmlReportPlugin,sbt.plugins.SemanticdbPlugin)
[debug] Plugins.deducer#function took 0.896167 ms
[info] loading settings for project root from build.sbt ...
[debug]         Load.resolveProject(root) took 1.043ms
[debug]       Load.loadTransitive: finalizeProject(Project(id root, base: /Users/npnl/Desktop/Laharireddy, plugins: List(<none>))) took 2.31325ms
[debug] [Loading] Done in /Users/npnl/Desktop/Laharireddy, returning: (root)
[debug]     Load.loadUnit: loadedProjectsRaw took 58.114083ms
[debug]     Load.loadUnit: cleanEvalClasses took 1.358292ms
[debug]   Load.loadUnit(file:/Users/npnl/Desktop/Laharireddy/, ...) took 836.850833ms
[debug] Load.apply: load took 842.055416ms
[debug] Load.apply: resolveProjects took 0.060459ms
[debug] Load.apply: finalTransforms took 5.519792ms
[debug] Load.apply: config.delegates took 0.182417ms
[debug] Load.apply: Def.make(settings)... took 44.138625ms
[debug] Load.apply: structureIndex took 12.609167ms
[debug] Load.apply: mkStreams took 0.001792ms
[info] set current project to Laharireddy (in build file:/Users/npnl/Desktop/Laharireddy/)
[debug] > Exec(sbtPopOnFailure, None, None)
[debug] > Exec(resumeFromFailure, None, None)
[debug] > Exec(notifyUsersAboutShell, None, None)
[debug] > Exec(iflast shell, None, None)
[debug] > Exec(shell, None, None)
[info] sbt server started at local:///Users/npnl/.sbt/1.0/server/0b82ebdddaf26e546000/sock
[debug] Writing bsp connection file
[info] started sbt server
