[debug] > Exec(;set _root_.scala.collection.Seq(historyPath := None,shellPrompt := { _ => "" },SettingKey[_root_.scala.Option[_root_.sbt.File]]("sbtStructureOutputFile") in _root_.sbt.Global := _root_.scala.Some(_root_.sbt.file("/private/var/folders/zv/z9bscp3d2bzf5zhk1n83d8cm0000gn/T/sbt-structure.xml")),SettingKey[_root_.java.lang.String]("sbtStructureOptions") in _root_.sbt.Global := "download, resolveClassifiers");apply -cp "/Users/npnl/Library/Application Support/JetBrains/IntelliJIdea2023.2/plugins/Scala/repo/org/jetbrains/scala/sbt-structure-extractor_2.12_1.0/2023.1.0/sbt-structure-extractor-2023.1.0.jar" org.jetbrains.sbt.CreateTasks;preferScala2;*/*:dumpStructure, Some(cc1f1aec-c9fa-4c2a-ab5a-595e12f86a6c), Some(CommandSource(console0)))
[debug] > Exec(set _root_.scala.collection.Seq(historyPath := None,shellPrompt := { _ => "" },SettingKey[_root_.scala.Option[_root_.sbt.File]]("sbtStructureOutputFile") in _root_.sbt.Global := _root_.scala.Some(_root_.sbt.file("/private/var/folders/zv/z9bscp3d2bzf5zhk1n83d8cm0000gn/T/sbt-structure.xml")),SettingKey[_root_.java.lang.String]("sbtStructureOptions") in _root_.sbt.Global := "download, resolveClassifiers"), None, Some(CommandSource(console0)))
[info] Defining Global / sbtStructureOptions, Global / sbtStructureOutputFile and 1 others.
[info] The new values will be used by cleanKeepGlobs
[info] 	Run `last` for details.
[debug] Defining 
[debug] 	Global / sbtStructureOptions
[debug] 	Global / sbtStructureOutputFile
[debug] 	history
[debug] 	shellPrompt
[debug] 
[debug] The new values will be used by 
[debug] 	cleanKeepGlobs
[info] Reapplying settings...
[info] set current project to Laharireddy (in build file:/Users/npnl/Desktop/Laharireddy/)
[debug] > Exec(apply -cp "/Users/npnl/Library/Application Support/JetBrains/IntelliJIdea2023.2/plugins/Scala/repo/org/jetbrains/scala/sbt-structure-extractor_2.12_1.0/2023.1.0/sbt-structure-extractor-2023.1.0.jar" org.jetbrains.sbt.CreateTasks, None, Some(CommandSource(console0)))
[info] Applying State transformations org.jetbrains.sbt.CreateTasks from /Users/npnl/Library/Application Support/JetBrains/IntelliJIdea2023.2/plugins/Scala/repo/org/jetbrains/scala/sbt-structure-extractor_2.12_1.0/2023.1.0/sbt-structure-extractor-2023.1.0.jar
[info] Reapplying settings...
[info] set current project to Laharireddy (in build file:/Users/npnl/Desktop/Laharireddy/)
[debug] > Exec(preferScala2, None, Some(CommandSource(console0)))
[debug] > Exec(*/*:dumpStructure, None, Some(CommandSource(console0)))
[debug] Evaluating tasks: Global / dumpStructure
[warn] sbt 0.13 shell syntax is deprecated; use slash syntax instead: Global / dumpStructure
[debug] Running task... Cancel: Signal, check cycles: false, forcegc: true
